2022-03-09 13:46:29.839 +06:00 [INF] Application Starting up
2022-03-09 13:46:30.839 +06:00 [FTL] Application start-up failed
System.ArgumentException: GenericArguments[0], 'Microsoft.AspNetCore.Identity.IdentityUser', on 'Microsoft.AspNetCore.Identity.EntityFrameworkCore.UserOnlyStore`6[TUser,TContext,TKey,TUserClaim,TUserLogin,TUserToken]' violates the constraint of type 'TUser'.
 ---> System.TypeLoadException: GenericArguments[0], 'Microsoft.AspNetCore.Identity.IdentityUser', on 'Microsoft.AspNetCore.Identity.UserStoreBase`5[TUser,TKey,TUserClaim,TUserLogin,TUserToken]' violates the constraint of type parameter 'TUser'.
   at System.RuntimeTypeHandle.Instantiate(Type[] inst)
   at System.RuntimeType.MakeGenericType(Type[] instantiation)
   --- End of inner exception stack trace ---
   at System.RuntimeType.ValidateGenericArguments(MemberInfo definition, RuntimeType[] genericArguments, Exception e)
   at System.RuntimeType.MakeGenericType(Type[] instantiation)
   at Microsoft.Extensions.DependencyInjection.IdentityEntityFrameworkBuilderExtensions.AddStores(IServiceCollection services, Type userType, Type roleType, Type contextType)
   at Microsoft.Extensions.DependencyInjection.IdentityEntityFrameworkBuilderExtensions.AddEntityFrameworkStores[TContext](IdentityBuilder builder)
   at ManagementSystem.Web.Startup.ConfigureServices(IServiceCollection services) in D:\Logic\MizanCode\ManagementSystem\ManagementSystem.Web\Startup.cs:line 74
   at System.RuntimeMethodHandle.InvokeMethod(Object target, Object[] arguments, Signature sig, Boolean constructor, Boolean wrapExceptions)
   at System.Reflection.RuntimeMethodInfo.Invoke(Object obj, BindingFlags invokeAttr, Binder binder, Object[] parameters, CultureInfo culture)
   at Microsoft.AspNetCore.Hosting.ConfigureServicesBuilder.InvokeCore(Object instance, IServiceCollection services)
   at Microsoft.AspNetCore.Hosting.ConfigureServicesBuilder.<>c__DisplayClass9_0.<Invoke>g__Startup|0(IServiceCollection serviceCollection)
   at Microsoft.AspNetCore.Hosting.ConfigureServicesBuilder.Invoke(Object instance, IServiceCollection services)
   at Microsoft.AspNetCore.Hosting.ConfigureServicesBuilder.<>c__DisplayClass8_0.<Build>b__0(IServiceCollection services)
   at Microsoft.AspNetCore.Hosting.GenericWebHostBuilder.UseStartup(Type startupType, HostBuilderContext context, IServiceCollection services, Object instance)
   at Microsoft.AspNetCore.Hosting.GenericWebHostBuilder.<>c__DisplayClass13_0.<UseStartup>b__0(HostBuilderContext context, IServiceCollection services)
   at Microsoft.Extensions.Hosting.HostBuilder.CreateServiceProvider()
   at Microsoft.Extensions.Hosting.HostBuilder.Build()
   at ManagementSystem.Web.Program.Main(String[] args) in D:\Logic\MizanCode\ManagementSystem\ManagementSystem.Web\Program.cs:line 33
2022-03-09 16:01:30.126 +06:00 [INF] Application Starting up
2022-03-09 16:01:34.924 +06:00 [FTL] Application start-up failed
System.ArgumentException: GenericArguments[0], 'Microsoft.AspNetCore.Identity.IdentityUser', on 'Microsoft.AspNetCore.Identity.EntityFrameworkCore.UserOnlyStore`6[TUser,TContext,TKey,TUserClaim,TUserLogin,TUserToken]' violates the constraint of type 'TUser'.
 ---> System.TypeLoadException: GenericArguments[0], 'Microsoft.AspNetCore.Identity.IdentityUser', on 'Microsoft.AspNetCore.Identity.UserStoreBase`5[TUser,TKey,TUserClaim,TUserLogin,TUserToken]' violates the constraint of type parameter 'TUser'.
   at System.RuntimeTypeHandle.Instantiate(Type[] inst)
   at System.RuntimeType.MakeGenericType(Type[] instantiation)
   --- End of inner exception stack trace ---
   at System.RuntimeType.ValidateGenericArguments(MemberInfo definition, RuntimeType[] genericArguments, Exception e)
   at System.RuntimeType.MakeGenericType(Type[] instantiation)
   at Microsoft.Extensions.DependencyInjection.IdentityEntityFrameworkBuilderExtensions.AddStores(IServiceCollection services, Type userType, Type roleType, Type contextType)
   at Microsoft.Extensions.DependencyInjection.IdentityEntityFrameworkBuilderExtensions.AddEntityFrameworkStores[TContext](IdentityBuilder builder)
   at ManagementSystem.Web.Startup.ConfigureServices(IServiceCollection services) in D:\Logic\MizanCode\ManagementSystem\ManagementSystem.Web\Startup.cs:line 74
   at System.RuntimeMethodHandle.InvokeMethod(Object target, Object[] arguments, Signature sig, Boolean constructor, Boolean wrapExceptions)
   at System.Reflection.RuntimeMethodInfo.Invoke(Object obj, BindingFlags invokeAttr, Binder binder, Object[] parameters, CultureInfo culture)
   at Microsoft.AspNetCore.Hosting.ConfigureServicesBuilder.InvokeCore(Object instance, IServiceCollection services)
   at Microsoft.AspNetCore.Hosting.ConfigureServicesBuilder.<>c__DisplayClass9_0.<Invoke>g__Startup|0(IServiceCollection serviceCollection)
   at Microsoft.AspNetCore.Hosting.ConfigureServicesBuilder.Invoke(Object instance, IServiceCollection services)
   at Microsoft.AspNetCore.Hosting.ConfigureServicesBuilder.<>c__DisplayClass8_0.<Build>b__0(IServiceCollection services)
   at Microsoft.AspNetCore.Hosting.GenericWebHostBuilder.UseStartup(Type startupType, HostBuilderContext context, IServiceCollection services, Object instance)
   at Microsoft.AspNetCore.Hosting.GenericWebHostBuilder.<>c__DisplayClass13_0.<UseStartup>b__0(HostBuilderContext context, IServiceCollection services)
   at Microsoft.Extensions.Hosting.HostBuilder.CreateServiceProvider()
   at Microsoft.Extensions.Hosting.HostBuilder.Build()
   at ManagementSystem.Web.Program.Main(String[] args) in D:\Logic\MizanCode\ManagementSystem\ManagementSystem.Web\Program.cs:line 33
2022-03-09 16:05:25.761 +06:00 [INF] Application Starting up
2022-03-09 16:05:30.691 +06:00 [FTL] Application start-up failed
System.ArgumentException: GenericArguments[0], 'Microsoft.AspNetCore.Identity.IdentityUser', on 'Microsoft.AspNetCore.Identity.EntityFrameworkCore.UserOnlyStore`6[TUser,TContext,TKey,TUserClaim,TUserLogin,TUserToken]' violates the constraint of type 'TUser'.
 ---> System.TypeLoadException: GenericArguments[0], 'Microsoft.AspNetCore.Identity.IdentityUser', on 'Microsoft.AspNetCore.Identity.UserStoreBase`5[TUser,TKey,TUserClaim,TUserLogin,TUserToken]' violates the constraint of type parameter 'TUser'.
   at System.RuntimeTypeHandle.Instantiate(Type[] inst)
   at System.RuntimeType.MakeGenericType(Type[] instantiation)
   --- End of inner exception stack trace ---
   at System.RuntimeType.ValidateGenericArguments(MemberInfo definition, RuntimeType[] genericArguments, Exception e)
   at System.RuntimeType.MakeGenericType(Type[] instantiation)
   at Microsoft.Extensions.DependencyInjection.IdentityEntityFrameworkBuilderExtensions.AddStores(IServiceCollection services, Type userType, Type roleType, Type contextType)
   at Microsoft.Extensions.DependencyInjection.IdentityEntityFrameworkBuilderExtensions.AddEntityFrameworkStores[TContext](IdentityBuilder builder)
   at ManagementSystem.Web.Startup.ConfigureServices(IServiceCollection services) in D:\Logic\MizanCode\ManagementSystem\ManagementSystem.Web\Startup.cs:line 74
   at System.RuntimeMethodHandle.InvokeMethod(Object target, Object[] arguments, Signature sig, Boolean constructor, Boolean wrapExceptions)
   at System.Reflection.RuntimeMethodInfo.Invoke(Object obj, BindingFlags invokeAttr, Binder binder, Object[] parameters, CultureInfo culture)
   at Microsoft.AspNetCore.Hosting.ConfigureServicesBuilder.InvokeCore(Object instance, IServiceCollection services)
   at Microsoft.AspNetCore.Hosting.ConfigureServicesBuilder.<>c__DisplayClass9_0.<Invoke>g__Startup|0(IServiceCollection serviceCollection)
   at Microsoft.AspNetCore.Hosting.ConfigureServicesBuilder.Invoke(Object instance, IServiceCollection services)
   at Microsoft.AspNetCore.Hosting.ConfigureServicesBuilder.<>c__DisplayClass8_0.<Build>b__0(IServiceCollection services)
   at Microsoft.AspNetCore.Hosting.GenericWebHostBuilder.UseStartup(Type startupType, HostBuilderContext context, IServiceCollection services, Object instance)
   at Microsoft.AspNetCore.Hosting.GenericWebHostBuilder.<>c__DisplayClass13_0.<UseStartup>b__0(HostBuilderContext context, IServiceCollection services)
   at Microsoft.Extensions.Hosting.HostBuilder.CreateServiceProvider()
   at Microsoft.Extensions.Hosting.HostBuilder.Build()
   at ManagementSystem.Web.Program.Main(String[] args) in D:\Logic\MizanCode\ManagementSystem\ManagementSystem.Web\Program.cs:line 33
2022-03-09 18:19:01.354 +06:00 [INF] Application Starting up
2022-03-09 19:35:44.289 +06:00 [INF] Application Starting up
2022-03-09 19:42:31.125 +06:00 [INF] Application Starting up
2022-03-09 20:48:04.245 +06:00 [INF] Application Starting up
2022-03-09 20:51:12.697 +06:00 [INF] Application Starting up
2022-03-09 20:52:49.358 +06:00 [INF] Application Starting up
2022-03-09 20:57:32.893 +06:00 [INF] Application Starting up
2022-03-09 21:05:03.790 +06:00 [INF] Application Starting up
2022-03-09 21:11:33.523 +06:00 [INF] Application Starting up
2022-03-09 21:14:40.846 +06:00 [INF] Application Starting up
2022-03-09 21:27:16.431 +06:00 [INF] Application Starting up
2022-03-09 21:29:12.873 +06:00 [INF] Application Starting up
2022-03-09 21:30:32.503 +06:00 [INF] Application Starting up
2022-03-09 21:31:38.063 +06:00 [INF] User created a new account with password.
2022-03-09 21:39:35.287 +06:00 [INF] Application Starting up
2022-03-09 21:42:19.127 +06:00 [INF] Application Starting up
2022-03-09 21:42:30.732 +06:00 [INF] User logged out.
2022-03-09 21:42:57.330 +06:00 [INF] User created a new account with password.
2022-03-09 22:16:22.986 +06:00 [INF] Application Starting up
2022-03-09 22:18:11.850 +06:00 [INF] Application Starting up
2022-03-09 22:19:20.881 +06:00 [INF] Application Starting up
2022-03-09 22:20:18.928 +06:00 [INF] User logged in.
2022-03-09 22:23:02.428 +06:00 [INF] Application Starting up
2022-03-09 22:23:08.152 +06:00 [INF] User logged out.
2022-03-09 22:23:17.897 +06:00 [INF] User logged in.
2022-03-09 22:32:05.525 +06:00 [INF] Application Starting up
2022-03-09 22:35:55.849 +06:00 [INF] Application Starting up
2022-03-09 22:36:01.054 +06:00 [INF] User logged out.
2022-03-09 22:38:18.483 +06:00 [INF] Application Starting up
2022-03-09 22:38:29.358 +06:00 [INF] User logged in.
2022-03-09 22:38:32.159 +06:00 [INF] User logged out.
2022-03-09 22:57:19.111 +06:00 [INF] Application Starting up
2022-03-09 23:54:18.309 +06:00 [INF] Application Starting up
